{"/home/shivangi/SE_Project_NITK/app_testable.js": {"path":"/home/shivangi/SE_Project_NITK/app_testable.js","statementMap":{"0":{"start":{"line":1,"column":16},"end":{"line":1,"column":34}},"1":{"start":{"line":2,"column":19},"end":{"line":2,"column":41}},"2":{"start":{"line":3,"column":12},"end":{"line":3,"column":26}},"3":{"start":{"line":4,"column":17},"end":{"line":4,"column":36}},"4":{"start":{"line":5,"column":16},"end":{"line":5,"column":42}},"5":{"start":{"line":6,"column":21},"end":{"line":6,"column":45}},"6":{"start":{"line":7,"column":16},"end":{"line":7,"column":53}},"7":{"start":{"line":8,"column":31},"end":{"line":8,"column":75}},"8":{"start":{"line":9,"column":12},"end":{"line":9,"column":28}},"9":{"start":{"line":10,"column":12},"end":{"line":10,"column":21}},"10":{"start":{"line":12,"column":0},"end":{"line":12,"column":34}},"11":{"start":{"line":13,"column":0},"end":{"line":13,"column":30}},"12":{"start":{"line":14,"column":0},"end":{"line":16,"column":4}},"13":{"start":{"line":18,"column":0},"end":{"line":18,"column":24}},"14":{"start":{"line":19,"column":0},"end":{"line":23,"column":3}},"15":{"start":{"line":26,"column":0},"end":{"line":30,"column":3}},"16":{"start":{"line":33,"column":19},"end":{"line":38,"column":1}},"17":{"start":{"line":39,"column":13},"end":{"line":39,"column":51}},"18":{"start":{"line":43,"column":16},"end":{"line":48,"column":1}},"19":{"start":{"line":49,"column":19},"end":{"line":58,"column":1}},"20":{"start":{"line":59,"column":13},"end":{"line":59,"column":51}},"21":{"start":{"line":62,"column":21},"end":{"line":77,"column":1}},"22":{"start":{"line":78,"column":15},"end":{"line":78,"column":57}},"23":{"start":{"line":81,"column":24},"end":{"line":92,"column":1}},"24":{"start":{"line":93,"column":18},"end":{"line":93,"column":66}},"25":{"start":{"line":95,"column":21},"end":{"line":102,"column":1}},"26":{"start":{"line":104,"column":22},"end":{"line":109,"column":1}},"27":{"start":{"line":111,"column":19},"end":{"line":135,"column":1}},"28":{"start":{"line":138,"column":14},"end":{"line":138,"column":53}},"29":{"start":{"line":141,"column":4},"end":{"line":141,"column":21}},"30":{"start":{"line":226,"column":0},"end":{"line":228,"column":2}}},"fnMap":{"0":{"name":"get_home","decl":{"start":{"line":140,"column":9},"end":{"line":140,"column":17}},"loc":{"start":{"line":140,"column":28},"end":{"line":142,"column":1}},"line":140}},"branchMap":{},"s":{"0":1,"1":1,"2":1,"3":1,"4":1,"5":1,"6":1,"7":1,"8":1,"9":1,"10":1,"11":1,"12":1,"13":1,"14":1,"15":1,"16":1,"17":1,"18":1,"19":1,"20":1,"21":1,"22":1,"23":1,"24":1,"25":1,"26":1,"27":1,"28":1,"29":1,"30":1},"f":{"0":1},"b":{},"_coverageSchema":"1a1c01bbd47fc00a2c39e90264f33305004495a9","hash":"abb3ea3086030e658842bfff3384f0f776520b65"}
,"/home/shivangi/SE_Project_NITK/email-send-no-cal.js": {"path":"/home/shivangi/SE_Project_NITK/email-send-no-cal.js","statementMap":{"0":{"start":{"line":1,"column":19},"end":{"line":1,"column":40}},"1":{"start":{"line":4,"column":0},"end":{"line":31,"column":1}},"2":{"start":{"line":5,"column":24},"end":{"line":10,"column":5}},"3":{"start":{"line":11,"column":22},"end":{"line":17,"column":6}},"4":{"start":{"line":19,"column":4},"end":{"line":19,"column":38}},"5":{"start":{"line":21,"column":4},"end":{"line":28,"column":6}},"6":{"start":{"line":22,"column":8},"end":{"line":27,"column":9}},"7":{"start":{"line":23,"column":12},"end":{"line":23,"column":59}},"8":{"start":{"line":24,"column":12},"end":{"line":24,"column":29}},"9":{"start":{"line":26,"column":12},"end":{"line":26,"column":55}}},"fnMap":{"0":{"name":"(anonymous_0)","decl":{"start":{"line":4,"column":17},"end":{"line":4,"column":18}},"loc":{"start":{"line":4,"column":51},"end":{"line":31,"column":1}},"line":4},"1":{"name":"(anonymous_1)","decl":{"start":{"line":21,"column":38},"end":{"line":21,"column":39}},"loc":{"start":{"line":21,"column":53},"end":{"line":28,"column":5}},"line":21}},"branchMap":{"0":{"loc":{"start":{"line":22,"column":8},"end":{"line":27,"column":9}},"type":"if","locations":[{"start":{"line":22,"column":8},"end":{"line":27,"column":9}},{"start":{"line":25,"column":15},"end":{"line":27,"column":9}}],"line":22}},"s":{"0":1,"1":1,"2":0,"3":0,"4":0,"5":0,"6":0,"7":0,"8":0,"9":0},"f":{"0":0,"1":0},"b":{"0":[0,0]},"_coverageSchema":"1a1c01bbd47fc00a2c39e90264f33305004495a9","hash":"753cf573f47d8e5e1d512f98e1eae964fada803d"}
,"/home/shivangi/SE_Project_NITK/email-send.js": {"path":"/home/shivangi/SE_Project_NITK/email-send.js","statementMap":{"0":{"start":{"line":2,"column":13},"end":{"line":2,"column":38}},"1":{"start":{"line":3,"column":19},"end":{"line":3,"column":40}},"2":{"start":{"line":5,"column":0},"end":{"line":54,"column":1}},"3":{"start":{"line":7,"column":22},"end":{"line":12,"column":5}},"4":{"start":{"line":14,"column":16},"end":{"line":17,"column":6}},"5":{"start":{"line":18,"column":4},"end":{"line":27,"column":7}},"6":{"start":{"line":28,"column":4},"end":{"line":39,"column":5}},"7":{"start":{"line":29,"column":27},"end":{"line":35,"column":9}},"8":{"start":{"line":36,"column":8},"end":{"line":36,"column":51}},"9":{"start":{"line":37,"column":8},"end":{"line":37,"column":68}},"10":{"start":{"line":38,"column":8},"end":{"line":38,"column":75}},"11":{"start":{"line":40,"column":24},"end":{"line":46,"column":6}},"12":{"start":{"line":47,"column":4},"end":{"line":53,"column":6}},"13":{"start":{"line":48,"column":8},"end":{"line":52,"column":9}},"14":{"start":{"line":49,"column":12},"end":{"line":49,"column":31}},"15":{"start":{"line":51,"column":12},"end":{"line":51,"column":52}}},"fnMap":{"0":{"name":"(anonymous_0)","decl":{"start":{"line":5,"column":17},"end":{"line":5,"column":18}},"loc":{"start":{"line":5,"column":65},"end":{"line":54,"column":1}},"line":5},"1":{"name":"(anonymous_1)","decl":{"start":{"line":47,"column":40},"end":{"line":47,"column":41}},"loc":{"start":{"line":47,"column":67},"end":{"line":53,"column":5}},"line":47}},"branchMap":{"0":{"loc":{"start":{"line":28,"column":4},"end":{"line":39,"column":5}},"type":"if","locations":[{"start":{"line":28,"column":4},"end":{"line":39,"column":5}},{"start":{},"end":{}}],"line":28},"1":{"loc":{"start":{"line":48,"column":8},"end":{"line":52,"column":9}},"type":"if","locations":[{"start":{"line":48,"column":8},"end":{"line":52,"column":9}},{"start":{"line":50,"column":15},"end":{"line":52,"column":9}}],"line":48}},"s":{"0":1,"1":1,"2":1,"3":0,"4":0,"5":0,"6":0,"7":0,"8":0,"9":0,"10":0,"11":0,"12":0,"13":0,"14":0,"15":0},"f":{"0":0,"1":0},"b":{"0":[0,0],"1":[0,0]},"_coverageSchema":"1a1c01bbd47fc00a2c39e90264f33305004495a9","hash":"cf9a9526941242c480e2963ba50afb257c1c326b"}
}
